{"/Users/bpedersen/personal/jest/src/index.js": {"path":"/Users/bpedersen/personal/jest/src/index.js","statementMap":{"0":{"start":{"line":1,"column":20},"end":{"line":1,"column":44}},"1":{"start":{"line":3,"column":20},"end":{"line":32,"column":1}},"2":{"start":{"line":4,"column":26},"end":{"line":4,"column":40}},"3":{"start":{"line":6,"column":2},"end":{"line":26,"column":3}},"4":{"start":{"line":7,"column":4},"end":{"line":9,"column":6}},"5":{"start":{"line":8,"column":6},"end":{"line":8,"column":38}},"6":{"start":{"line":12,"column":7},"end":{"line":26,"column":3}},"7":{"start":{"line":13,"column":4},"end":{"line":13,"column":40}},"8":{"start":{"line":16,"column":7},"end":{"line":26,"column":3}},"9":{"start":{"line":17,"column":4},"end":{"line":19,"column":7}},"10":{"start":{"line":18,"column":6},"end":{"line":18,"column":38}},"11":{"start":{"line":23,"column":4},"end":{"line":25,"column":7}},"12":{"start":{"line":24,"column":6},"end":{"line":24,"column":41}},"13":{"start":{"line":28,"column":18},"end":{"line":28,"column":56}},"14":{"start":{"line":28,"column":24},"end":{"line":28,"column":56}},"15":{"start":{"line":29,"column":2},"end":{"line":31,"column":4}},"16":{"start":{"line":30,"column":4},"end":{"line":30,"column":37}}},"fnMap":{"0":{"name":"(anonymous_0)","decl":{"start":{"line":3,"column":20},"end":{"line":3,"column":21}},"loc":{"start":{"line":3,"column":33},"end":{"line":32,"column":1}},"line":3},"1":{"name":"(anonymous_1)","decl":{"start":{"line":7,"column":24},"end":{"line":7,"column":25}},"loc":{"start":{"line":7,"column":31},"end":{"line":9,"column":5}},"line":7},"2":{"name":"(anonymous_2)","decl":{"start":{"line":17,"column":20},"end":{"line":17,"column":21}},"loc":{"start":{"line":17,"column":27},"end":{"line":19,"column":5}},"line":17},"3":{"name":"(anonymous_3)","decl":{"start":{"line":23,"column":33},"end":{"line":23,"column":34}},"loc":{"start":{"line":23,"column":40},"end":{"line":25,"column":5}},"line":23},"4":{"name":"(anonymous_4)","decl":{"start":{"line":28,"column":18},"end":{"line":28,"column":19}},"loc":{"start":{"line":28,"column":24},"end":{"line":28,"column":56}},"line":28},"5":{"name":"(anonymous_5)","decl":{"start":{"line":29,"column":9},"end":{"line":29,"column":10}},"loc":{"start":{"line":29,"column":15},"end":{"line":31,"column":3}},"line":29}},"branchMap":{"0":{"loc":{"start":{"line":6,"column":2},"end":{"line":26,"column":3}},"type":"if","locations":[{"start":{"line":6,"column":2},"end":{"line":26,"column":3}},{"start":{"line":6,"column":2},"end":{"line":26,"column":3}}],"line":6},"1":{"loc":{"start":{"line":12,"column":7},"end":{"line":26,"column":3}},"type":"if","locations":[{"start":{"line":12,"column":7},"end":{"line":26,"column":3}},{"start":{"line":12,"column":7},"end":{"line":26,"column":3}}],"line":12},"2":{"loc":{"start":{"line":12,"column":11},"end":{"line":12,"column":67}},"type":"binary-expr","locations":[{"start":{"line":12,"column":11},"end":{"line":12,"column":38}},{"start":{"line":12,"column":42},"end":{"line":12,"column":67}}],"line":12},"3":{"loc":{"start":{"line":16,"column":7},"end":{"line":26,"column":3}},"type":"if","locations":[{"start":{"line":16,"column":7},"end":{"line":26,"column":3}},{"start":{"line":16,"column":7},"end":{"line":26,"column":3}}],"line":16}},"s":{"0":1,"1":1,"2":8,"3":8,"4":2,"5":6,"6":6,"7":2,"8":4,"9":2,"10":4,"11":2,"12":4,"13":8,"14":0,"15":8,"16":8},"f":{"0":8,"1":6,"2":4,"3":4,"4":0,"5":8},"b":{"0":[2,6],"1":[2,4],"2":[6,4],"3":[2,2]},"_coverageSchema":"332fd63041d2c1bcb487cc26dd0d5f7d97098a6c","hash":"07c299a2aeb86205ee36ecdcb6d8b9033dabc770"}
,"/Users/bpedersen/personal/jest/src/setupTestFramework.js": {"path":"/Users/bpedersen/personal/jest/src/setupTestFramework.js","statementMap":{"0":{"start":{"line":1,"column":25},"end":{"line":1,"column":50}},"1":{"start":{"line":4,"column":0},"end":{"line":16,"column":1}},"2":{"start":{"line":6,"column":33},"end":{"line":14,"column":3}},"3":{"start":{"line":7,"column":4},"end":{"line":9,"column":7}},"4":{"start":{"line":8,"column":7},"end":{"line":8,"column":47}},"5":{"start":{"line":10,"column":4},"end":{"line":12,"column":7}},"6":{"start":{"line":11,"column":6},"end":{"line":11,"column":48}},"7":{"start":{"line":13,"column":4},"end":{"line":13,"column":33}},"8":{"start":{"line":15,"column":2},"end":{"line":15,"column":80}}},"fnMap":{"0":{"name":"(anonymous_0)","decl":{"start":{"line":4,"column":28},"end":{"line":4,"column":29}},"loc":{"start":{"line":4,"column":79},"end":{"line":16,"column":1}},"line":4},"1":{"name":"(anonymous_1)","decl":{"start":{"line":6,"column":33},"end":{"line":6,"column":34}},"loc":{"start":{"line":6,"column":50},"end":{"line":14,"column":3}},"line":6},"2":{"name":"(anonymous_2)","decl":{"start":{"line":7,"column":15},"end":{"line":7,"column":16}},"loc":{"start":{"line":7,"column":21},"end":{"line":9,"column":5}},"line":7},"3":{"name":"(anonymous_3)","decl":{"start":{"line":10,"column":14},"end":{"line":10,"column":15}},"loc":{"start":{"line":10,"column":20},"end":{"line":12,"column":5}},"line":10}},"branchMap":{},"s":{"0":2,"1":2,"2":7,"3":7,"4":20,"5":7,"6":20,"7":7,"8":7},"f":{"0":7,"1":7,"2":20,"3":20},"b":{},"_coverageSchema":"332fd63041d2c1bcb487cc26dd0d5f7d97098a6c","hash":"980b9c3d83406428c3c7afdbf040184ad76ae12b"}
}
