TN:
SF:/Users/bpedersen/personal/jest/src/index.js
FN:3,(anonymous_0)
FN:7,(anonymous_1)
FN:17,(anonymous_2)
FN:23,(anonymous_3)
FN:28,(anonymous_4)
FN:29,(anonymous_5)
FNF:6
FNH:5
FNDA:8,(anonymous_0)
FNDA:6,(anonymous_1)
FNDA:4,(anonymous_2)
FNDA:4,(anonymous_3)
FNDA:0,(anonymous_4)
FNDA:8,(anonymous_5)
DA:1,1
DA:3,1
DA:4,8
DA:6,8
DA:7,2
DA:8,6
DA:12,6
DA:13,2
DA:16,4
DA:17,2
DA:18,4
DA:23,2
DA:24,4
DA:28,8
DA:29,8
DA:30,8
LF:16
LH:16
BRDA:6,0,0,2
BRDA:6,0,1,6
BRDA:12,1,0,2
BRDA:12,1,1,4
BRDA:12,2,0,6
BRDA:12,2,1,4
BRDA:16,3,0,2
BRDA:16,3,1,2
BRF:8
BRH:8
end_of_record
TN:
SF:/Users/bpedersen/personal/jest/src/setupTestFramework.js
FN:4,(anonymous_0)
FN:6,(anonymous_1)
FN:7,(anonymous_2)
FN:10,(anonymous_3)
FNF:4
FNH:4
FNDA:7,(anonymous_0)
FNDA:7,(anonymous_1)
FNDA:20,(anonymous_2)
FNDA:20,(anonymous_3)
DA:1,2
DA:4,2
DA:6,7
DA:7,7
DA:8,20
DA:10,7
DA:11,20
DA:13,7
DA:15,7
LF:9
LH:9
BRF:0
BRH:0
end_of_record
